   ▲ Next.js 15.3.7
   - Environments: .env

   Creating an optimized production build ...
 ✓ Compiled successfully in 5.0s
   Linting and checking validity of types ...
   Collecting page data ...
   Generating static pages (0/202) ...
   Generating static pages (50/202) 
   Generating static pages (100/202) 
   Generating static pages (151/202) 
 ✓ Generating static pages (202/202)
   Finalizing page optimization ...
   Collecting build traces ...
   Exporting (0/3) ...
 ✓ Exporting (3/3)

Route (app)                                           Size  First Load JS
┌ ○ /                                              1.32 kB         159 kB
├ ○ /_not-found                                      153 B         102 kB
├ ● /[locale]                                        876 B         158 kB
├   ├ /en
├   ├ /th
├   ├ /ko
├   └ [+9 more paths]
├ ● /[locale]/[...slug]                              865 B         150 kB
├   ├ /codes/cookierun-classic-codes
├   ├ /combi/cookierun-classic-best-combi
├   ├ /combi/cookierun-classic-coin-farming-combi
├   └ [+165 more paths]
├ ● /[locale]/about                                1.28 kB         103 kB
├   ├ /th/about
├   ├ /ko/about
├   └ /ja/about
├ ● /[locale]/copyright                            1.28 kB         103 kB
├   ├ /th/copyright
├   ├ /ko/copyright
├   └ /ja/copyright
├ ● /[locale]/privacy-policy                       1.28 kB         103 kB
├   ├ /th/privacy-policy
├   ├ /ko/privacy-policy
├   └ /ja/privacy-policy
├ ● /[locale]/terms-of-service                     1.28 kB         103 kB
├   ├ /th/terms-of-service
├   ├ /ko/terms-of-service
├   └ /ja/terms-of-service
├ ○ /about                                           153 B         102 kB
├ ○ /copyright                                       153 B         102 kB
├ ○ /privacy-policy                                  153 B         102 kB
├ ○ /robots.txt                                      153 B         102 kB
├ ○ /sitemap.xml                                     153 B         102 kB
└ ○ /terms-of-service                                153 B         102 kB
+ First Load JS shared by all                       101 kB
  ├ chunks/4bd1b696-f752727a6ad02635.js            53.2 kB
  ├ chunks/684-1f325ba3ddfd48ad.js                 46.2 kB
  └ other shared chunks (total)                    1.99 kB


○  (Static)  prerendered as static content
●  (SSG)     prerendered as static HTML (uses generateStaticParams)

