[ 9429353ms] [ERROR] Failed to load resource: net::ERR_CONNECTION_REFUSED @ http://localhost:3001/ja/community?_rsc=172b0:0
[ 9429353ms] [ERROR] Failed to fetch RSC payload for http://localhost:3001/ja/community. Falling back to browser navigation. TypeError: Failed to fetch
    at y (http://localhost:3001/_next/static/chunks/684-db87ffe6fe599fc5.js:1:129542)
    at h (http://localhost:3001/_next/static/chunks/684-db87ffe6fe599fc5.js:1:128465)
    at http://localhost:3001/_next/static/chunks/684-db87ffe6fe599fc5.js:1:19365
    at Object.u [as task] (http://localhost:3001/_next/static/chunks/684-db87ffe6fe599fc5.js:1:28122)
    at c.s (http://localhost:3001/_next/static/chunks/684-db87ffe6fe599fc5.js:1:28827)
    at c.enqueue (http://localhost:3001/_next/static/chunks/684-db87ffe6fe599fc5.js:1:28252)
    at s (http://localhost:3001/_next/static/chunks/684-db87ffe6fe599fc5.js:1:19328)
    at i (http://localhost:3001/_next/static/chunks/684-db87ffe6fe599fc5.js:1:18844)
    at l (http://localhost:3001/_next/static/chunks/684-db87ffe6fe599fc5.js:1:165415)
    at Object.prefetch (http://localhost:3001/_next/static/chunks/684-db87ffe6fe599fc5.js:1:103911)
    at http://localhost:3001/_next/static/chunks/684-db87ffe6fe599fc5.js:1:65664
    at O (http://localhost:3001/_next/static/chunks/684-db87ffe6fe599fc5.js:1:65703)
    at E (http://localhost:3001/_next/static/chunks/684-db87ffe6fe599fc5.js:1:65532)
    at onMouseEnter (http://localhost:3001/_next/static/chunks/874-d1ad07b3a106e79b.js:1:4507)
    at iX (http://localhost:3001/_next/static/chunks/4bd1b696-f752727a6ad02635.js:1:132394)
    at http://localhost:3001/_next/static/chunks/4bd1b696-f752727a6ad02635.js:1:138472
    at nS (http://localhost:3001/_next/static/chunks/4bd1b696-f752727a6ad02635.js:1:18812)
    at i2 (http://localhost:3001/_next/static/chunks/4bd1b696-f752727a6ad02635.js:1:133627)
    at s7 (http://localhost:3001/_next/static/chunks/4bd1b696-f752727a6ad02635.js:1:159677)
    at s9 (http://localhost:3001/_next/static/chunks/4bd1b696-f752727a6ad02635.js:1:159592) @ http://localhost:3001/_next/static/chunks/684-db87ffe6fe599fc5.js:0
[ 9429614ms] [ERROR] Failed to load resource: net::ERR_CONNECTION_REFUSED @ http://localhost:3001/ja/guide?_rsc=172b0:0
[ 9429614ms] [ERROR] Failed to fetch RSC payload for http://localhost:3001/ja/guide. Falling back to browser navigation. TypeError: Failed to fetch
    at y (http://localhost:3001/_next/static/chunks/684-db87ffe6fe599fc5.js:1:129542)
    at h (http://localhost:3001/_next/static/chunks/684-db87ffe6fe599fc5.js:1:128465)
    at http://localhost:3001/_next/static/chunks/684-db87ffe6fe599fc5.js:1:19365
    at Object.u [as task] (http://localhost:3001/_next/static/chunks/684-db87ffe6fe599fc5.js:1:28122)
    at c.s (http://localhost:3001/_next/static/chunks/684-db87ffe6fe599fc5.js:1:28827)
    at c.enqueue (http://localhost:3001/_next/static/chunks/684-db87ffe6fe599fc5.js:1:28252)
    at s (http://localhost:3001/_next/static/chunks/684-db87ffe6fe599fc5.js:1:19328)
    at i (http://localhost:3001/_next/static/chunks/684-db87ffe6fe599fc5.js:1:18844)
    at l (http://localhost:3001/_next/static/chunks/684-db87ffe6fe599fc5.js:1:165415)
    at Object.prefetch (http://localhost:3001/_next/static/chunks/684-db87ffe6fe599fc5.js:1:103911)
    at http://localhost:3001/_next/static/chunks/684-db87ffe6fe599fc5.js:1:65664
    at O (http://localhost:3001/_next/static/chunks/684-db87ffe6fe599fc5.js:1:65703)
    at m (http://localhost:3001/_next/static/chunks/684-db87ffe6fe599fc5.js:1:65445)
    at IntersectionObserver.rootMargin (http://localhost:3001/_next/static/chunks/684-db87ffe6fe599fc5.js:1:64364) @ http://localhost:3001/_next/static/chunks/684-db87ffe6fe599fc5.js:0
[ 9430265ms] [ERROR] Failed to load resource: net::ERR_CONNECTION_REFUSED @ http://localhost:3001/ja/guide/cookierun-classic-account-progression-guide?_rsc=172b0:0
[ 9430265ms] [ERROR] Failed to fetch RSC payload for http://localhost:3001/ja/guide/cookierun-classic-account-progression-guide. Falling back to browser navigation. TypeError: Failed to fetch
    at y (http://localhost:3001/_next/static/chunks/684-db87ffe6fe599fc5.js:1:129542)
    at h (http://localhost:3001/_next/static/chunks/684-db87ffe6fe599fc5.js:1:128465)
    at http://localhost:3001/_next/static/chunks/684-db87ffe6fe599fc5.js:1:19365
    at Object.u [as task] (http://localhost:3001/_next/static/chunks/684-db87ffe6fe599fc5.js:1:28122)
    at c.s (http://localhost:3001/_next/static/chunks/684-db87ffe6fe599fc5.js:1:28827)
    at c.enqueue (http://localhost:3001/_next/static/chunks/684-db87ffe6fe599fc5.js:1:28252)
    at s (http://localhost:3001/_next/static/chunks/684-db87ffe6fe599fc5.js:1:19328)
    at i (http://localhost:3001/_next/static/chunks/684-db87ffe6fe599fc5.js:1:18844)
    at l (http://localhost:3001/_next/static/chunks/684-db87ffe6fe599fc5.js:1:165415)
    at Object.prefetch (http://localhost:3001/_next/static/chunks/684-db87ffe6fe599fc5.js:1:103911)
    at http://localhost:3001/_next/static/chunks/684-db87ffe6fe599fc5.js:1:65664
    at O (http://localhost:3001/_next/static/chunks/684-db87ffe6fe599fc5.js:1:65703)
    at m (http://localhost:3001/_next/static/chunks/684-db87ffe6fe599fc5.js:1:65445)
    at IntersectionObserver.rootMargin (http://localhost:3001/_next/static/chunks/684-db87ffe6fe599fc5.js:1:64364) @ http://localhost:3001/_next/static/chunks/684-db87ffe6fe599fc5.js:0
[ 9430297ms] [ERROR] Failed to load resource: net::ERR_CONNECTION_REFUSED @ http://localhost:3001/ja/guide/cookierun-classic-beginner-guide?_rsc=172b0:0
[ 9430297ms] [ERROR] Failed to fetch RSC payload for http://localhost:3001/ja/guide/cookierun-classic-beginner-guide. Falling back to browser navigation. TypeError: Failed to fetch
    at y (http://localhost:3001/_next/static/chunks/684-db87ffe6fe599fc5.js:1:129542)
    at h (http://localhost:3001/_next/static/chunks/684-db87ffe6fe599fc5.js:1:128465)
    at http://localhost:3001/_next/static/chunks/684-db87ffe6fe599fc5.js:1:19365
    at Object.u [as task] (http://localhost:3001/_next/static/chunks/684-db87ffe6fe599fc5.js:1:28122)
    at c.s (http://localhost:3001/_next/static/chunks/684-db87ffe6fe599fc5.js:1:28827)
    at c.enqueue (http://localhost:3001/_next/static/chunks/684-db87ffe6fe599fc5.js:1:28252)
    at s (http://localhost:3001/_next/static/chunks/684-db87ffe6fe599fc5.js:1:19328)
    at i (http://localhost:3001/_next/static/chunks/684-db87ffe6fe599fc5.js:1:18844)
    at l (http://localhost:3001/_next/static/chunks/684-db87ffe6fe599fc5.js:1:165415)
    at Object.prefetch (http://localhost:3001/_next/static/chunks/684-db87ffe6fe599fc5.js:1:103911)
    at http://localhost:3001/_next/static/chunks/684-db87ffe6fe599fc5.js:1:65664
    at O (http://localhost:3001/_next/static/chunks/684-db87ffe6fe599fc5.js:1:65703)
    at m (http://localhost:3001/_next/static/chunks/684-db87ffe6fe599fc5.js:1:65445)
    at IntersectionObserver.rootMargin (http://localhost:3001/_next/static/chunks/684-db87ffe6fe599fc5.js:1:64364) @ http://localhost:3001/_next/static/chunks/684-db87ffe6fe599fc5.js:0
[ 9430312ms] [ERROR] Failed to load resource: net::ERR_CONNECTION_REFUSED @ http://localhost:3001/ja/guide/cookierun-classic-day-1-guide?_rsc=172b0:0
[ 9430312ms] [ERROR] Failed to fetch RSC payload for http://localhost:3001/ja/guide/cookierun-classic-day-1-guide. Falling back to browser navigation. TypeError: Failed to fetch
    at y (http://localhost:3001/_next/static/chunks/684-db87ffe6fe599fc5.js:1:129542)
    at h (http://localhost:3001/_next/static/chunks/684-db87ffe6fe599fc5.js:1:128465)
    at http://localhost:3001/_next/static/chunks/684-db87ffe6fe599fc5.js:1:19365
    at Object.u [as task] (http://localhost:3001/_next/static/chunks/684-db87ffe6fe599fc5.js:1:28122)
    at c.s (http://localhost:3001/_next/static/chunks/684-db87ffe6fe599fc5.js:1:28827)
    at c.enqueue (http://localhost:3001/_next/static/chunks/684-db87ffe6fe599fc5.js:1:28252)
    at s (http://localhost:3001/_next/static/chunks/684-db87ffe6fe599fc5.js:1:19328)
    at i (http://localhost:3001/_next/static/chunks/684-db87ffe6fe599fc5.js:1:18844)
    at l (http://localhost:3001/_next/static/chunks/684-db87ffe6fe599fc5.js:1:165415)
    at Object.prefetch (http://localhost:3001/_next/static/chunks/684-db87ffe6fe599fc5.js:1:103911)
    at http://localhost:3001/_next/static/chunks/684-db87ffe6fe599fc5.js:1:65664
    at O (http://localhost:3001/_next/static/chunks/684-db87ffe6fe599fc5.js:1:65703)
    at m (http://localhost:3001/_next/static/chunks/684-db87ffe6fe599fc5.js:1:65445)
    at IntersectionObserver.rootMargin (http://localhost:3001/_next/static/chunks/684-db87ffe6fe599fc5.js:1:64364) @ http://localhost:3001/_next/static/chunks/684-db87ffe6fe599fc5.js:0
